2018-02-24 12:10:21 [-][-][-][error][yii\db\Exception] PDOException: SQLSTATE[42S01]: Base table or view already exists: 1050 Table 'lol_payment_lottery' already exists in G:\xampp\htdocs\lotto\vendor\yiisoft\yii2\db\Command.php:1255
Stack trace:
#0 G:\xampp\htdocs\lotto\vendor\yiisoft\yii2\db\Command.php(1255): PDOStatement->execute()
#1 G:\xampp\htdocs\lotto\vendor\yiisoft\yii2\db\Command.php(1072): yii\db\Command->internalExecute('CREATE TABLE `l...')
#2 G:\xampp\htdocs\lotto\vendor\yiisoft\yii2\db\Migration.php(323): yii\db\Command->execute()
#3 G:\xampp\htdocs\lotto\console\migrations\m171211_100040_payment_lottery.php(32): yii\db\Migration->createTable('{{%payment_lott...', Array, 'CHARACTER SET u...')
#4 G:\xampp\htdocs\lotto\vendor\yiisoft\yii2\console\controllers\BaseMigrateController.php(725): m171211_100040_payment_lottery->up()
#5 G:\xampp\htdocs\lotto\vendor\yiisoft\yii2\console\controllers\BaseMigrateController.php(199): yii\console\controllers\BaseMigrateController->migrateUp('m171211_100040_...')
#6 [internal function]: yii\console\controllers\BaseMigrateController->actionUp(0)
#7 G:\xampp\htdocs\lotto\vendor\yiisoft\yii2\base\InlineAction.php(57): call_user_func_array(Array, Array)
#8 G:\xampp\htdocs\lotto\vendor\yiisoft\yii2\base\Controller.php(157): yii\base\InlineAction->runWithParams(Array)
#9 G:\xampp\htdocs\lotto\vendor\yiisoft\yii2\console\Controller.php(148): yii\base\Controller->runAction('up', Array)
#10 G:\xampp\htdocs\lotto\vendor\yiisoft\yii2\base\Module.php(528): yii\console\Controller->runAction('up', Array)
#11 G:\xampp\htdocs\lotto\vendor\yiisoft\yii2\console\Application.php(180): yii\base\Module->runAction('migrate/up', Array)
#12 G:\xampp\htdocs\lotto\vendor\yiisoft\yii2\console\Application.php(147): yii\console\Application->runAction('migrate/up', Array)
#13 G:\xampp\htdocs\lotto\vendor\yiisoft\yii2\base\Application.php(386): yii\console\Application->handleRequest(Object(yii\console\Request))
#14 G:\xampp\htdocs\lotto\yii(27): yii\base\Application->run()
#15 {main}

Next yii\db\Exception: SQLSTATE[42S01]: Base table or view already exists: 1050 Table 'lol_payment_lottery' already exists
The SQL being executed was: CREATE TABLE `lol_payment_lottery` (
	`id` int(11) NOT NULL AUTO_INCREMENT PRIMARY KEY,
	`typeLotteryId` int(11) NOT NULL,
	`lotteryId` int(11) NOT NULL,
	`promotionLotteryId` int(11) NOT NULL,
	`payment` varchar(255) NOT NULL,
	`discount` varchar(255) NOT NULL,
	`createdAt` datetime DEFAULT CURRENT_TIMESTAMP,
	`updatedAt` datetime DEFAULT CURRENT_TIMESTAMP
) CHARACTER SET utf8 COLLATE utf8_unicode_ci ENGINE=InnoDB in G:\xampp\htdocs\lotto\vendor\yiisoft\yii2\db\Schema.php:664
Stack trace:
#0 G:\xampp\htdocs\lotto\vendor\yiisoft\yii2\db\Command.php(1260): yii\db\Schema->convertException(Object(PDOException), 'CREATE TABLE `l...')
#1 G:\xampp\htdocs\lotto\vendor\yiisoft\yii2\db\Command.php(1072): yii\db\Command->internalExecute('CREATE TABLE `l...')
#2 G:\xampp\htdocs\lotto\vendor\yiisoft\yii2\db\Migration.php(323): yii\db\Command->execute()
#3 G:\xampp\htdocs\lotto\console\migrations\m171211_100040_payment_lottery.php(32): yii\db\Migration->createTable('{{%payment_lott...', Array, 'CHARACTER SET u...')
#4 G:\xampp\htdocs\lotto\vendor\yiisoft\yii2\console\controllers\BaseMigrateController.php(725): m171211_100040_payment_lottery->up()
#5 G:\xampp\htdocs\lotto\vendor\yiisoft\yii2\console\controllers\BaseMigrateController.php(199): yii\console\controllers\BaseMigrateController->migrateUp('m171211_100040_...')
#6 [internal function]: yii\console\controllers\BaseMigrateController->actionUp(0)
#7 G:\xampp\htdocs\lotto\vendor\yiisoft\yii2\base\InlineAction.php(57): call_user_func_array(Array, Array)
#8 G:\xampp\htdocs\lotto\vendor\yiisoft\yii2\base\Controller.php(157): yii\base\InlineAction->runWithParams(Array)
#9 G:\xampp\htdocs\lotto\vendor\yiisoft\yii2\console\Controller.php(148): yii\base\Controller->runAction('up', Array)
#10 G:\xampp\htdocs\lotto\vendor\yiisoft\yii2\base\Module.php(528): yii\console\Controller->runAction('up', Array)
#11 G:\xampp\htdocs\lotto\vendor\yiisoft\yii2\console\Application.php(180): yii\base\Module->runAction('migrate/up', Array)
#12 G:\xampp\htdocs\lotto\vendor\yiisoft\yii2\console\Application.php(147): yii\console\Application->runAction('migrate/up', Array)
#13 G:\xampp\htdocs\lotto\vendor\yiisoft\yii2\base\Application.php(386): yii\console\Application->handleRequest(Object(yii\console\Request))
#14 G:\xampp\htdocs\lotto\yii(27): yii\base\Application->run()
#15 {main}
Additional Information:
Array
(
    [0] => 42S01
    [1] => 1050
    [2] => Table 'lol_payment_lottery' already exists
)

2018-02-24 12:10:17 [-][-][-][info][application] $_GET = []

$_POST = []

$_FILES = []

$_COOKIE = []

$_SERVER = [
    'ALLUSERSPROFILE' => 'C:\\ProgramData'
    'APPDATA' => 'C:\\Users\\Tatar\\AppData\\Roaming'
    'asl_log' => 'Destination=file'
    'CommonProgramFiles' => 'C:\\Program Files (x86)\\Common Files'
    'CommonProgramFiles(x86)' => 'C:\\Program Files (x86)\\Common Files'
    'CommonProgramW6432' => 'C:\\Program Files\\Common Files'
    'COMPUTERNAME' => 'DESKTOP-29N3REI'
    'ComSpec' => 'C:\\WINDOWS\\system32\\cmd.exe'
    'FPS_BROWSER_APP_PROFILE_STRING' => 'Internet Explorer'
    'FPS_BROWSER_USER_PROFILE_STRING' => 'Default'
    'HOMEDRIVE' => 'C:'
    'HOMEPATH' => '\\Users\\Tatar'
    'IWBPath' => 'C:\\Program Files (x86)\\SAP\\FrontEnd\\iwb'
    'LOCALAPPDATA' => 'C:\\Users\\Tatar\\AppData\\Local'
    'LOGONSERVER' => '\\\\DESKTOP-29N3REI'
    'NUMBER_OF_PROCESSORS' => '8'
    'OneDrive' => 'C:\\Users\\Tatar\\OneDrive'
    'OS' => 'Windows_NT'
    'Path' => 'C:\\Program Files (x86)\\Intel\\iCLS Client\\;D:\\app\\Tatar\\product\\11.2.0\\client_1\\bin;C:\\Program Files\\Intel\\iCLS Client\\;C:\\WINDOWS\\system32;C:\\WINDOWS;C:\\WINDOWS\\System32\\Wbem;C:\\WINDOWS\\System32\\WindowsPowerShell\\v1.0\\;C:\\Program Files (x86)\\CrSSL\\bin;G:\\xampp\\php;C:\\ProgramData\\ComposerSetup\\bin;C:\\Program Files\\Git\\cmd;C:\\Program Files\\Git\\mingw64\\bin;C:\\Program Files\\Git\\usr\\bin;C:\\Program Files (x86)\\Intel\\Intel(R) Management Engine Components\\DAL;C:\\Program Files\\Intel\\Intel(R) Management Engine Components\\DAL;C:\\Program Files (x86)\\Intel\\Intel(R) Management Engine Components\\IPT;C:\\Program Files\\Intel\\Intel(R) Management Engine Components\\IPT;C:\\Users\\Tatar\\AppData\\Roaming\\Composer\\vendor\\bin;C:\\Users\\Tatar\\AppData\\Local\\Microsoft\\WindowsApps;'
    'PATHEXT' => '.COM;.EXE;.BAT;.CMD;.VBS;.VBE;.JS;.JSE;.WSF;.WSH;.MSC'
    'PHP_COMMAND' => 'php.exe'
    'PROCESSOR_ARCHITECTURE' => 'x86'
    'PROCESSOR_ARCHITEW6432' => 'AMD64'
    'PROCESSOR_IDENTIFIER' => 'Intel64 Family 6 Model 142 Stepping 10, GenuineIntel'
    'PROCESSOR_LEVEL' => '6'
    'PROCESSOR_REVISION' => '8e0a'
    'ProgramData' => 'C:\\ProgramData'
    'ProgramFiles' => 'C:\\Program Files (x86)'
    'ProgramFiles(x86)' => 'C:\\Program Files (x86)'
    'ProgramW6432' => 'C:\\Program Files'
    'PROMPT' => '$P$G'
    'PSModulePath' => 'C:\\Program Files\\WindowsPowerShell\\Modules;C:\\WINDOWS\\system32\\WindowsPowerShell\\v1.0\\Modules'
    'PUBLIC' => 'C:\\Users\\Public'
    'SESSIONNAME' => 'Console'
    'SNC_LIB' => 'C:\\Program Files (x86)\\SAP\\FrontEnd\\SapGui\\Encryption\\secgss.dll'
    'SystemDrive' => 'C:'
    'SystemRoot' => 'C:\\WINDOWS'
    'TEMP' => 'C:\\Users\\Tatar\\AppData\\Local\\Temp'
    'TMP' => 'C:\\Users\\Tatar\\AppData\\Local\\Temp'
    'USERDOMAIN' => 'DESKTOP-29N3REI'
    'USERDOMAIN_ROAMINGPROFILE' => 'DESKTOP-29N3REI'
    'USERNAME' => 'Tatar'
    'USERPROFILE' => 'C:\\Users\\Tatar'
    'windir' => 'C:\\WINDOWS'
    'YII_PATH' => 'G:\\xampp\\htdocs\\lotto\\'
    'PHP_SELF' => 'G:\\xampp\\htdocs\\lotto\\yii'
    'SCRIPT_NAME' => 'G:\\xampp\\htdocs\\lotto\\yii'
    'SCRIPT_FILENAME' => 'G:\\xampp\\htdocs\\lotto\\yii'
    'PATH_TRANSLATED' => 'G:\\xampp\\htdocs\\lotto\\yii'
    'DOCUMENT_ROOT' => ''
    'REQUEST_TIME_FLOAT' => 1519449017.5031
    'REQUEST_TIME' => 1519449017
    'argv' => [
        0 => 'G:\\xampp\\htdocs\\lotto\\yii'
        1 => 'migrate/up'
    ]
    'argc' => 2
]
2018-05-06 20:15:43 [-][-][-][error][yii\console\UnknownCommandException] yii\base\InvalidRouteException: Unable to resolve the request: migrate/rbac in G:\xampp\htdocs\lottery\vendor\yiisoft\yii2\base\Controller.php:128
Stack trace:
#0 G:\xampp\htdocs\lottery\vendor\yiisoft\yii2\console\Controller.php(148): yii\base\Controller->runAction('rbac', Array)
#1 G:\xampp\htdocs\lottery\vendor\yiisoft\yii2\base\Module.php(528): yii\console\Controller->runAction('rbac', Array)
#2 G:\xampp\htdocs\lottery\vendor\yiisoft\yii2\console\Application.php(180): yii\base\Module->runAction('migrate/rbac', Array)
#3 G:\xampp\htdocs\lottery\vendor\yiisoft\yii2\console\Application.php(147): yii\console\Application->runAction('migrate/rbac', Array)
#4 G:\xampp\htdocs\lottery\vendor\yiisoft\yii2\base\Application.php(386): yii\console\Application->handleRequest(Object(yii\console\Request))
#5 G:\xampp\htdocs\lottery\yii(27): yii\base\Application->run()
#6 {main}

Next yii\console\UnknownCommandException: Unknown command "migrate/rbac". in G:\xampp\htdocs\lottery\vendor\yiisoft\yii2\console\Application.php:183
Stack trace:
#0 G:\xampp\htdocs\lottery\vendor\yiisoft\yii2\console\Application.php(147): yii\console\Application->runAction('migrate/rbac', Array)
#1 G:\xampp\htdocs\lottery\vendor\yiisoft\yii2\base\Application.php(386): yii\console\Application->handleRequest(Object(yii\console\Request))
#2 G:\xampp\htdocs\lottery\yii(27): yii\base\Application->run()
#3 {main}
2018-05-06 20:15:42 [-][-][-][info][application] $_GET = []

$_POST = []

$_FILES = []

$_COOKIE = []

$_SERVER = [
    'ALLUSERSPROFILE' => 'C:\\ProgramData'
    'APPDATA' => 'C:\\Users\\Tatar\\AppData\\Roaming'
    'asl_log' => 'Destination=file'
    'CommonProgramFiles' => 'C:\\Program Files (x86)\\Common Files'
    'CommonProgramFiles(x86)' => 'C:\\Program Files (x86)\\Common Files'
    'CommonProgramW6432' => 'C:\\Program Files\\Common Files'
    'COMPUTERNAME' => 'DESKTOP-29N3REI'
    'ComSpec' => 'C:\\WINDOWS\\system32\\cmd.exe'
    'HOMEDRIVE' => 'C:'
    'HOMEPATH' => '\\Users\\Tatar'
    'IWBPath' => 'C:\\Program Files (x86)\\SAP\\FrontEnd\\iwb'
    'LOCALAPPDATA' => 'C:\\Users\\Tatar\\AppData\\Local'
    'LOGONSERVER' => '\\\\DESKTOP-29N3REI'
    'MSMPI_BIN' => 'C:\\Program Files\\Microsoft MPI\\Bin\\'
    'NUMBER_OF_PROCESSORS' => '8'
    'OneDrive' => 'C:\\Users\\Tatar\\OneDrive'
    'OS' => 'Windows_NT'
    'Path' => 'C:\\Program Files\\Microsoft MPI\\Bin\\;C:\\Program Files (x86)\\Intel\\iCLS Client\\;D:\\app\\Tatar\\product\\11.2.0\\client_1\\bin;C:\\Program Files\\Intel\\iCLS Client\\;C:\\WINDOWS\\system32;C:\\WINDOWS;C:\\WINDOWS\\System32\\Wbem;C:\\WINDOWS\\System32\\WindowsPowerShell\\v1.0\\;C:\\Program Files (x86)\\CrSSL\\bin;G:\\xampp\\php;C:\\ProgramData\\ComposerSetup\\bin;C:\\Program Files (x86)\\Intel\\Intel(R) Management Engine Components\\DAL;C:\\Program Files\\Intel\\Intel(R) Management Engine Components\\DAL;C:\\Program Files (x86)\\Intel\\Intel(R) Management Engine Components\\IPT;C:\\Program Files\\Intel\\Intel(R) Management Engine Components\\IPT;C:\\Program Files\\PuTTY\\;C:\\Program Files (x86)\\Microsoft SQL Server\\140\\Tools\\Binn\\;C:\\Program Files\\Microsoft SQL Server\\140\\Tools\\Binn\\;C:\\Program Files (x86)\\Microsoft SQL Server\\140\\DTS\\Binn\\;C:\\Program Files\\Microsoft SQL Server\\140\\DTS\\Binn\\;C:\\Program Files\\Microsoft SQL Server\\Client SDK\\ODBC\\130\\Tools\\Binn\\;C:\\Program Files\\Git\\cmd;C:\\Program Files (x86)\\Microsoft SQL Server\\Client SDK\\ODBC\\130\\Tools\\Binn\\;C:\\Program Files (x86)\\Microsoft SQL Server\\140\\Tools\\Binn\\ManagementStudio\\;C:\\Microsoft SQL Server Migration Assistant for MySQL\\bin\\;C:\\Users\\Tatar\\AppData\\Roaming\\Composer\\vendor\\bin;C:\\Users\\Tatar\\AppData\\Local\\Microsoft\\WindowsApps;;C:\\Program Files (x86)\\SSH Communications Security\\SSH Secure Shell'
    'PATHEXT' => '.COM;.EXE;.BAT;.CMD;.VBS;.VBE;.JS;.JSE;.WSF;.WSH;.MSC'
    'PROCESSOR_ARCHITECTURE' => 'x86'
    'PROCESSOR_ARCHITEW6432' => 'AMD64'
    'PROCESSOR_IDENTIFIER' => 'Intel64 Family 6 Model 142 Stepping 10, GenuineIntel'
    'PROCESSOR_LEVEL' => '6'
    'PROCESSOR_REVISION' => '8e0a'
    'ProgramData' => 'C:\\ProgramData'
    'ProgramFiles' => 'C:\\Program Files (x86)'
    'ProgramFiles(x86)' => 'C:\\Program Files (x86)'
    'ProgramW6432' => 'C:\\Program Files'
    'PROMPT' => '$P$G'
    'PSModulePath' => 'C:\\Program Files\\WindowsPowerShell\\Modules;C:\\WINDOWS\\system32\\WindowsPowerShell\\v1.0\\Modules;C:\\Program Files (x86)\\Microsoft SQL Server\\140\\Tools\\PowerShell\\Modules\\'
    'PUBLIC' => 'C:\\Users\\Public'
    'SESSIONNAME' => 'Console'
    'SNC_LIB' => 'C:\\Program Files (x86)\\SAP\\FrontEnd\\SapGui\\Encryption\\secgss.dll'
    'SystemDrive' => 'C:'
    'SystemRoot' => 'C:\\WINDOWS'
    'TEMP' => 'C:\\Users\\Tatar\\AppData\\Local\\Temp'
    'TMP' => 'C:\\Users\\Tatar\\AppData\\Local\\Temp'
    'USERDOMAIN' => 'DESKTOP-29N3REI'
    'USERDOMAIN_ROAMINGPROFILE' => 'DESKTOP-29N3REI'
    'USERNAME' => 'Tatar'
    'USERPROFILE' => 'C:\\Users\\Tatar'
    'windir' => 'C:\\WINDOWS'
    'PHP_SELF' => 'yii'
    'SCRIPT_NAME' => 'yii'
    'SCRIPT_FILENAME' => 'yii'
    'PATH_TRANSLATED' => 'yii'
    'DOCUMENT_ROOT' => ''
    'REQUEST_TIME_FLOAT' => 1525612542.1349
    'REQUEST_TIME' => 1525612542
    'argv' => [
        0 => 'yii'
        1 => 'migrate/rbac'
    ]
    'argc' => 2
]
2018-05-06 20:16:33 [-][-][-][error][yii\db\Exception] PDOException: SQLSTATE[42S01]: Base table or view already exists: 1050 Table 'lol_auth_rule' already exists in G:\xampp\htdocs\lottery\vendor\yiisoft\yii2\db\Command.php:1258
Stack trace:
#0 G:\xampp\htdocs\lottery\vendor\yiisoft\yii2\db\Command.php(1258): PDOStatement->execute()
#1 G:\xampp\htdocs\lottery\vendor\yiisoft\yii2\db\Command.php(1075): yii\db\Command->internalExecute('CREATE TABLE `l...')
#2 G:\xampp\htdocs\lottery\vendor\yiisoft\yii2\db\Migration.php(323): yii\db\Command->execute()
#3 G:\xampp\htdocs\lottery\vendor\yiisoft\yii2\rbac\migrations\m140506_102106_rbac_init.php(66): yii\db\Migration->createTable('{{%auth_rule}}', Array, 'CHARACTER SET u...')
#4 G:\xampp\htdocs\lottery\vendor\yiisoft\yii2\console\controllers\BaseMigrateController.php(725): m140506_102106_rbac_init->up()
#5 G:\xampp\htdocs\lottery\vendor\yiisoft\yii2\console\controllers\BaseMigrateController.php(199): yii\console\controllers\BaseMigrateController->migrateUp('m140506_102106_...')
#6 [internal function]: yii\console\controllers\BaseMigrateController->actionUp(0)
#7 G:\xampp\htdocs\lottery\vendor\yiisoft\yii2\base\InlineAction.php(57): call_user_func_array(Array, Array)
#8 G:\xampp\htdocs\lottery\vendor\yiisoft\yii2\base\Controller.php(157): yii\base\InlineAction->runWithParams(Array)
#9 G:\xampp\htdocs\lottery\vendor\yiisoft\yii2\console\Controller.php(148): yii\base\Controller->runAction('', Array)
#10 G:\xampp\htdocs\lottery\vendor\yiisoft\yii2\base\Module.php(528): yii\console\Controller->runAction('', Array)
#11 G:\xampp\htdocs\lottery\vendor\yiisoft\yii2\console\Application.php(180): yii\base\Module->runAction('migrate-rbac', Array)
#12 G:\xampp\htdocs\lottery\vendor\yiisoft\yii2\console\Application.php(147): yii\console\Application->runAction('migrate-rbac', Array)
#13 G:\xampp\htdocs\lottery\vendor\yiisoft\yii2\base\Application.php(386): yii\console\Application->handleRequest(Object(yii\console\Request))
#14 G:\xampp\htdocs\lottery\yii(27): yii\base\Application->run()
#15 {main}

Next yii\db\Exception: SQLSTATE[42S01]: Base table or view already exists: 1050 Table 'lol_auth_rule' already exists
The SQL being executed was: CREATE TABLE `lol_auth_rule` (
	`name` varchar(64) NOT NULL,
	`data` blob,
	`created_at` int(11),
	`updated_at` int(11),
	PRIMARY KEY (`name`)
) CHARACTER SET utf8 COLLATE utf8_unicode_ci ENGINE=InnoDB in G:\xampp\htdocs\lottery\vendor\yiisoft\yii2\db\Schema.php:664
Stack trace:
#0 G:\xampp\htdocs\lottery\vendor\yiisoft\yii2\db\Command.php(1263): yii\db\Schema->convertException(Object(PDOException), 'CREATE TABLE `l...')
#1 G:\xampp\htdocs\lottery\vendor\yiisoft\yii2\db\Command.php(1075): yii\db\Command->internalExecute('CREATE TABLE `l...')
#2 G:\xampp\htdocs\lottery\vendor\yiisoft\yii2\db\Migration.php(323): yii\db\Command->execute()
#3 G:\xampp\htdocs\lottery\vendor\yiisoft\yii2\rbac\migrations\m140506_102106_rbac_init.php(66): yii\db\Migration->createTable('{{%auth_rule}}', Array, 'CHARACTER SET u...')
#4 G:\xampp\htdocs\lottery\vendor\yiisoft\yii2\console\controllers\BaseMigrateController.php(725): m140506_102106_rbac_init->up()
#5 G:\xampp\htdocs\lottery\vendor\yiisoft\yii2\console\controllers\BaseMigrateController.php(199): yii\console\controllers\BaseMigrateController->migrateUp('m140506_102106_...')
#6 [internal function]: yii\console\controllers\BaseMigrateController->actionUp(0)
#7 G:\xampp\htdocs\lottery\vendor\yiisoft\yii2\base\InlineAction.php(57): call_user_func_array(Array, Array)
#8 G:\xampp\htdocs\lottery\vendor\yiisoft\yii2\base\Controller.php(157): yii\base\InlineAction->runWithParams(Array)
#9 G:\xampp\htdocs\lottery\vendor\yiisoft\yii2\console\Controller.php(148): yii\base\Controller->runAction('', Array)
#10 G:\xampp\htdocs\lottery\vendor\yiisoft\yii2\base\Module.php(528): yii\console\Controller->runAction('', Array)
#11 G:\xampp\htdocs\lottery\vendor\yiisoft\yii2\console\Application.php(180): yii\base\Module->runAction('migrate-rbac', Array)
#12 G:\xampp\htdocs\lottery\vendor\yiisoft\yii2\console\Application.php(147): yii\console\Application->runAction('migrate-rbac', Array)
#13 G:\xampp\htdocs\lottery\vendor\yiisoft\yii2\base\Application.php(386): yii\console\Application->handleRequest(Object(yii\console\Request))
#14 G:\xampp\htdocs\lottery\yii(27): yii\base\Application->run()
#15 {main}
Additional Information:
Array
(
    [0] => 42S01
    [1] => 1050
    [2] => Table 'lol_auth_rule' already exists
)

2018-05-06 20:16:16 [-][-][-][info][application] $_GET = []

$_POST = []

$_FILES = []

$_COOKIE = []

$_SERVER = [
    'ALLUSERSPROFILE' => 'C:\\ProgramData'
    'APPDATA' => 'C:\\Users\\Tatar\\AppData\\Roaming'
    'asl_log' => 'Destination=file'
    'CommonProgramFiles' => 'C:\\Program Files (x86)\\Common Files'
    'CommonProgramFiles(x86)' => 'C:\\Program Files (x86)\\Common Files'
    'CommonProgramW6432' => 'C:\\Program Files\\Common Files'
    'COMPUTERNAME' => 'DESKTOP-29N3REI'
    'ComSpec' => 'C:\\WINDOWS\\system32\\cmd.exe'
    'HOMEDRIVE' => 'C:'
    'HOMEPATH' => '\\Users\\Tatar'
    'IWBPath' => 'C:\\Program Files (x86)\\SAP\\FrontEnd\\iwb'
    'LOCALAPPDATA' => 'C:\\Users\\Tatar\\AppData\\Local'
    'LOGONSERVER' => '\\\\DESKTOP-29N3REI'
    'MSMPI_BIN' => 'C:\\Program Files\\Microsoft MPI\\Bin\\'
    'NUMBER_OF_PROCESSORS' => '8'
    'OneDrive' => 'C:\\Users\\Tatar\\OneDrive'
    'OS' => 'Windows_NT'
    'Path' => 'C:\\Program Files\\Microsoft MPI\\Bin\\;C:\\Program Files (x86)\\Intel\\iCLS Client\\;D:\\app\\Tatar\\product\\11.2.0\\client_1\\bin;C:\\Program Files\\Intel\\iCLS Client\\;C:\\WINDOWS\\system32;C:\\WINDOWS;C:\\WINDOWS\\System32\\Wbem;C:\\WINDOWS\\System32\\WindowsPowerShell\\v1.0\\;C:\\Program Files (x86)\\CrSSL\\bin;G:\\xampp\\php;C:\\ProgramData\\ComposerSetup\\bin;C:\\Program Files (x86)\\Intel\\Intel(R) Management Engine Components\\DAL;C:\\Program Files\\Intel\\Intel(R) Management Engine Components\\DAL;C:\\Program Files (x86)\\Intel\\Intel(R) Management Engine Components\\IPT;C:\\Program Files\\Intel\\Intel(R) Management Engine Components\\IPT;C:\\Program Files\\PuTTY\\;C:\\Program Files (x86)\\Microsoft SQL Server\\140\\Tools\\Binn\\;C:\\Program Files\\Microsoft SQL Server\\140\\Tools\\Binn\\;C:\\Program Files (x86)\\Microsoft SQL Server\\140\\DTS\\Binn\\;C:\\Program Files\\Microsoft SQL Server\\140\\DTS\\Binn\\;C:\\Program Files\\Microsoft SQL Server\\Client SDK\\ODBC\\130\\Tools\\Binn\\;C:\\Program Files\\Git\\cmd;C:\\Program Files (x86)\\Microsoft SQL Server\\Client SDK\\ODBC\\130\\Tools\\Binn\\;C:\\Program Files (x86)\\Microsoft SQL Server\\140\\Tools\\Binn\\ManagementStudio\\;C:\\Microsoft SQL Server Migration Assistant for MySQL\\bin\\;C:\\Users\\Tatar\\AppData\\Roaming\\Composer\\vendor\\bin;C:\\Users\\Tatar\\AppData\\Local\\Microsoft\\WindowsApps;;C:\\Program Files (x86)\\SSH Communications Security\\SSH Secure Shell'
    'PATHEXT' => '.COM;.EXE;.BAT;.CMD;.VBS;.VBE;.JS;.JSE;.WSF;.WSH;.MSC'
    'PROCESSOR_ARCHITECTURE' => 'x86'
    'PROCESSOR_ARCHITEW6432' => 'AMD64'
    'PROCESSOR_IDENTIFIER' => 'Intel64 Family 6 Model 142 Stepping 10, GenuineIntel'
    'PROCESSOR_LEVEL' => '6'
    'PROCESSOR_REVISION' => '8e0a'
    'ProgramData' => 'C:\\ProgramData'
    'ProgramFiles' => 'C:\\Program Files (x86)'
    'ProgramFiles(x86)' => 'C:\\Program Files (x86)'
    'ProgramW6432' => 'C:\\Program Files'
    'PROMPT' => '$P$G'
    'PSModulePath' => 'C:\\Program Files\\WindowsPowerShell\\Modules;C:\\WINDOWS\\system32\\WindowsPowerShell\\v1.0\\Modules;C:\\Program Files (x86)\\Microsoft SQL Server\\140\\Tools\\PowerShell\\Modules\\'
    'PUBLIC' => 'C:\\Users\\Public'
    'SESSIONNAME' => 'Console'
    'SNC_LIB' => 'C:\\Program Files (x86)\\SAP\\FrontEnd\\SapGui\\Encryption\\secgss.dll'
    'SystemDrive' => 'C:'
    'SystemRoot' => 'C:\\WINDOWS'
    'TEMP' => 'C:\\Users\\Tatar\\AppData\\Local\\Temp'
    'TMP' => 'C:\\Users\\Tatar\\AppData\\Local\\Temp'
    'USERDOMAIN' => 'DESKTOP-29N3REI'
    'USERDOMAIN_ROAMINGPROFILE' => 'DESKTOP-29N3REI'
    'USERNAME' => 'Tatar'
    'USERPROFILE' => 'C:\\Users\\Tatar'
    'windir' => 'C:\\WINDOWS'
    'PHP_SELF' => 'yii'
    'SCRIPT_NAME' => 'yii'
    'SCRIPT_FILENAME' => 'yii'
    'PATH_TRANSLATED' => 'yii'
    'DOCUMENT_ROOT' => ''
    'REQUEST_TIME_FLOAT' => 1525612576.0582
    'REQUEST_TIME' => 1525612576
    'argv' => [
        0 => 'yii'
        1 => 'migrate-rbac'
    ]
    'argc' => 2
]
2018-05-06 20:38:45 [-][-][-][error][yii\console\UnknownCommandException] yii\base\InvalidRouteException: Unable to resolve the request: migrate/rbac in G:\xampp\htdocs\lottery\vendor\yiisoft\yii2\base\Controller.php:128
Stack trace:
#0 G:\xampp\htdocs\lottery\vendor\yiisoft\yii2\console\Controller.php(148): yii\base\Controller->runAction('rbac', Array)
#1 G:\xampp\htdocs\lottery\vendor\yiisoft\yii2\base\Module.php(528): yii\console\Controller->runAction('rbac', Array)
#2 G:\xampp\htdocs\lottery\vendor\yiisoft\yii2\console\Application.php(180): yii\base\Module->runAction('migrate/rbac', Array)
#3 G:\xampp\htdocs\lottery\vendor\yiisoft\yii2\console\Application.php(147): yii\console\Application->runAction('migrate/rbac', Array)
#4 G:\xampp\htdocs\lottery\vendor\yiisoft\yii2\base\Application.php(386): yii\console\Application->handleRequest(Object(yii\console\Request))
#5 G:\xampp\htdocs\lottery\yii(27): yii\base\Application->run()
#6 {main}

Next yii\console\UnknownCommandException: Unknown command "migrate/rbac". in G:\xampp\htdocs\lottery\vendor\yiisoft\yii2\console\Application.php:183
Stack trace:
#0 G:\xampp\htdocs\lottery\vendor\yiisoft\yii2\console\Application.php(147): yii\console\Application->runAction('migrate/rbac', Array)
#1 G:\xampp\htdocs\lottery\vendor\yiisoft\yii2\base\Application.php(386): yii\console\Application->handleRequest(Object(yii\console\Request))
#2 G:\xampp\htdocs\lottery\yii(27): yii\base\Application->run()
#3 {main}
2018-05-06 20:38:45 [-][-][-][info][application] $_GET = []

$_POST = []

$_FILES = []

$_COOKIE = []

$_SERVER = [
    'ALLUSERSPROFILE' => 'C:\\ProgramData'
    'APPDATA' => 'C:\\Users\\Tatar\\AppData\\Roaming'
    'asl_log' => 'Destination=file'
    'CommonProgramFiles' => 'C:\\Program Files (x86)\\Common Files'
    'CommonProgramFiles(x86)' => 'C:\\Program Files (x86)\\Common Files'
    'CommonProgramW6432' => 'C:\\Program Files\\Common Files'
    'COMPUTERNAME' => 'DESKTOP-29N3REI'
    'ComSpec' => 'C:\\WINDOWS\\system32\\cmd.exe'
    'HOMEDRIVE' => 'C:'
    'HOMEPATH' => '\\Users\\Tatar'
    'IWBPath' => 'C:\\Program Files (x86)\\SAP\\FrontEnd\\iwb'
    'LOCALAPPDATA' => 'C:\\Users\\Tatar\\AppData\\Local'
    'LOGONSERVER' => '\\\\DESKTOP-29N3REI'
    'MSMPI_BIN' => 'C:\\Program Files\\Microsoft MPI\\Bin\\'
    'NUMBER_OF_PROCESSORS' => '8'
    'OneDrive' => 'C:\\Users\\Tatar\\OneDrive'
    'OS' => 'Windows_NT'
    'Path' => 'C:\\Program Files\\Microsoft MPI\\Bin\\;C:\\Program Files (x86)\\Intel\\iCLS Client\\;D:\\app\\Tatar\\product\\11.2.0\\client_1\\bin;C:\\Program Files\\Intel\\iCLS Client\\;C:\\WINDOWS\\system32;C:\\WINDOWS;C:\\WINDOWS\\System32\\Wbem;C:\\WINDOWS\\System32\\WindowsPowerShell\\v1.0\\;C:\\Program Files (x86)\\CrSSL\\bin;G:\\xampp\\php;C:\\ProgramData\\ComposerSetup\\bin;C:\\Program Files (x86)\\Intel\\Intel(R) Management Engine Components\\DAL;C:\\Program Files\\Intel\\Intel(R) Management Engine Components\\DAL;C:\\Program Files (x86)\\Intel\\Intel(R) Management Engine Components\\IPT;C:\\Program Files\\Intel\\Intel(R) Management Engine Components\\IPT;C:\\Program Files\\PuTTY\\;C:\\Program Files (x86)\\Microsoft SQL Server\\140\\Tools\\Binn\\;C:\\Program Files\\Microsoft SQL Server\\140\\Tools\\Binn\\;C:\\Program Files (x86)\\Microsoft SQL Server\\140\\DTS\\Binn\\;C:\\Program Files\\Microsoft SQL Server\\140\\DTS\\Binn\\;C:\\Program Files\\Microsoft SQL Server\\Client SDK\\ODBC\\130\\Tools\\Binn\\;C:\\Program Files\\Git\\cmd;C:\\Program Files (x86)\\Microsoft SQL Server\\Client SDK\\ODBC\\130\\Tools\\Binn\\;C:\\Program Files (x86)\\Microsoft SQL Server\\140\\Tools\\Binn\\ManagementStudio\\;C:\\Microsoft SQL Server Migration Assistant for MySQL\\bin\\;C:\\Users\\Tatar\\AppData\\Roaming\\Composer\\vendor\\bin;C:\\Users\\Tatar\\AppData\\Local\\Microsoft\\WindowsApps;;C:\\Program Files (x86)\\SSH Communications Security\\SSH Secure Shell'
    'PATHEXT' => '.COM;.EXE;.BAT;.CMD;.VBS;.VBE;.JS;.JSE;.WSF;.WSH;.MSC'
    'PROCESSOR_ARCHITECTURE' => 'x86'
    'PROCESSOR_ARCHITEW6432' => 'AMD64'
    'PROCESSOR_IDENTIFIER' => 'Intel64 Family 6 Model 142 Stepping 10, GenuineIntel'
    'PROCESSOR_LEVEL' => '6'
    'PROCESSOR_REVISION' => '8e0a'
    'ProgramData' => 'C:\\ProgramData'
    'ProgramFiles' => 'C:\\Program Files (x86)'
    'ProgramFiles(x86)' => 'C:\\Program Files (x86)'
    'ProgramW6432' => 'C:\\Program Files'
    'PROMPT' => '$P$G'
    'PSModulePath' => 'C:\\Program Files\\WindowsPowerShell\\Modules;C:\\WINDOWS\\system32\\WindowsPowerShell\\v1.0\\Modules;C:\\Program Files (x86)\\Microsoft SQL Server\\140\\Tools\\PowerShell\\Modules\\'
    'PUBLIC' => 'C:\\Users\\Public'
    'SESSIONNAME' => 'Console'
    'SNC_LIB' => 'C:\\Program Files (x86)\\SAP\\FrontEnd\\SapGui\\Encryption\\secgss.dll'
    'SystemDrive' => 'C:'
    'SystemRoot' => 'C:\\WINDOWS'
    'TEMP' => 'C:\\Users\\Tatar\\AppData\\Local\\Temp'
    'TMP' => 'C:\\Users\\Tatar\\AppData\\Local\\Temp'
    'USERDOMAIN' => 'DESKTOP-29N3REI'
    'USERDOMAIN_ROAMINGPROFILE' => 'DESKTOP-29N3REI'
    'USERNAME' => 'Tatar'
    'USERPROFILE' => 'C:\\Users\\Tatar'
    'windir' => 'C:\\WINDOWS'
    'PHP_SELF' => 'yii'
    'SCRIPT_NAME' => 'yii'
    'SCRIPT_FILENAME' => 'yii'
    'PATH_TRANSLATED' => 'yii'
    'DOCUMENT_ROOT' => ''
    'REQUEST_TIME_FLOAT' => 1525613925.8125
    'REQUEST_TIME' => 1525613925
    'argv' => [
        0 => 'yii'
        1 => 'migrate/rbac'
    ]
    'argc' => 2
]
2018-05-06 21:54:48 [-][-][-][error][yii\console\UnknownCommandException] yii\base\InvalidRouteException: Unable to resolve the request "init". in G:\xampp\htdocs\lottery\vendor\yiisoft\yii2\base\Module.php:537
Stack trace:
#0 G:\xampp\htdocs\lottery\vendor\yiisoft\yii2\console\Application.php(180): yii\base\Module->runAction('init', Array)
#1 G:\xampp\htdocs\lottery\vendor\yiisoft\yii2\console\Application.php(147): yii\console\Application->runAction('init', Array)
#2 G:\xampp\htdocs\lottery\vendor\yiisoft\yii2\base\Application.php(386): yii\console\Application->handleRequest(Object(yii\console\Request))
#3 G:\xampp\htdocs\lottery\yii(27): yii\base\Application->run()
#4 {main}

Next yii\console\UnknownCommandException: Unknown command "init". in G:\xampp\htdocs\lottery\vendor\yiisoft\yii2\console\Application.php:183
Stack trace:
#0 G:\xampp\htdocs\lottery\vendor\yiisoft\yii2\console\Application.php(147): yii\console\Application->runAction('init', Array)
#1 G:\xampp\htdocs\lottery\vendor\yiisoft\yii2\base\Application.php(386): yii\console\Application->handleRequest(Object(yii\console\Request))
#2 G:\xampp\htdocs\lottery\yii(27): yii\base\Application->run()
#3 {main}
2018-05-06 21:54:47 [-][-][-][info][application] $_GET = []

$_POST = []

$_FILES = []

$_COOKIE = []

$_SERVER = [
    'ALLUSERSPROFILE' => 'C:\\ProgramData'
    'APPDATA' => 'C:\\Users\\Tatar\\AppData\\Roaming'
    'asl_log' => 'Destination=file'
    'CommonProgramFiles' => 'C:\\Program Files (x86)\\Common Files'
    'CommonProgramFiles(x86)' => 'C:\\Program Files (x86)\\Common Files'
    'CommonProgramW6432' => 'C:\\Program Files\\Common Files'
    'COMPUTERNAME' => 'DESKTOP-29N3REI'
    'ComSpec' => 'C:\\WINDOWS\\system32\\cmd.exe'
    'HOMEDRIVE' => 'C:'
    'HOMEPATH' => '\\Users\\Tatar'
    'IWBPath' => 'C:\\Program Files (x86)\\SAP\\FrontEnd\\iwb'
    'LOCALAPPDATA' => 'C:\\Users\\Tatar\\AppData\\Local'
    'LOGONSERVER' => '\\\\DESKTOP-29N3REI'
    'MSMPI_BIN' => 'C:\\Program Files\\Microsoft MPI\\Bin\\'
    'NUMBER_OF_PROCESSORS' => '8'
    'OneDrive' => 'C:\\Users\\Tatar\\OneDrive'
    'OS' => 'Windows_NT'
    'Path' => 'C:\\Program Files\\Microsoft MPI\\Bin\\;C:\\Program Files (x86)\\Intel\\iCLS Client\\;D:\\app\\Tatar\\product\\11.2.0\\client_1\\bin;C:\\Program Files\\Intel\\iCLS Client\\;C:\\WINDOWS\\system32;C:\\WINDOWS;C:\\WINDOWS\\System32\\Wbem;C:\\WINDOWS\\System32\\WindowsPowerShell\\v1.0\\;C:\\Program Files (x86)\\CrSSL\\bin;G:\\xampp\\php;C:\\ProgramData\\ComposerSetup\\bin;C:\\Program Files (x86)\\Intel\\Intel(R) Management Engine Components\\DAL;C:\\Program Files\\Intel\\Intel(R) Management Engine Components\\DAL;C:\\Program Files (x86)\\Intel\\Intel(R) Management Engine Components\\IPT;C:\\Program Files\\Intel\\Intel(R) Management Engine Components\\IPT;C:\\Program Files\\PuTTY\\;C:\\Program Files (x86)\\Microsoft SQL Server\\140\\Tools\\Binn\\;C:\\Program Files\\Microsoft SQL Server\\140\\Tools\\Binn\\;C:\\Program Files (x86)\\Microsoft SQL Server\\140\\DTS\\Binn\\;C:\\Program Files\\Microsoft SQL Server\\140\\DTS\\Binn\\;C:\\Program Files\\Microsoft SQL Server\\Client SDK\\ODBC\\130\\Tools\\Binn\\;C:\\Program Files\\Git\\cmd;C:\\Program Files (x86)\\Microsoft SQL Server\\Client SDK\\ODBC\\130\\Tools\\Binn\\;C:\\Program Files (x86)\\Microsoft SQL Server\\140\\Tools\\Binn\\ManagementStudio\\;C:\\Microsoft SQL Server Migration Assistant for MySQL\\bin\\;C:\\Users\\Tatar\\AppData\\Roaming\\Composer\\vendor\\bin;C:\\Users\\Tatar\\AppData\\Local\\Microsoft\\WindowsApps;;C:\\Program Files (x86)\\SSH Communications Security\\SSH Secure Shell'
    'PATHEXT' => '.COM;.EXE;.BAT;.CMD;.VBS;.VBE;.JS;.JSE;.WSF;.WSH;.MSC'
    'PROCESSOR_ARCHITECTURE' => 'x86'
    'PROCESSOR_ARCHITEW6432' => 'AMD64'
    'PROCESSOR_IDENTIFIER' => 'Intel64 Family 6 Model 142 Stepping 10, GenuineIntel'
    'PROCESSOR_LEVEL' => '6'
    'PROCESSOR_REVISION' => '8e0a'
    'ProgramData' => 'C:\\ProgramData'
    'ProgramFiles' => 'C:\\Program Files (x86)'
    'ProgramFiles(x86)' => 'C:\\Program Files (x86)'
    'ProgramW6432' => 'C:\\Program Files'
    'PROMPT' => '$P$G'
    'PSModulePath' => 'C:\\Program Files\\WindowsPowerShell\\Modules;C:\\WINDOWS\\system32\\WindowsPowerShell\\v1.0\\Modules;C:\\Program Files (x86)\\Microsoft SQL Server\\140\\Tools\\PowerShell\\Modules\\'
    'PUBLIC' => 'C:\\Users\\Public'
    'SESSIONNAME' => 'Console'
    'SNC_LIB' => 'C:\\Program Files (x86)\\SAP\\FrontEnd\\SapGui\\Encryption\\secgss.dll'
    'SystemDrive' => 'C:'
    'SystemRoot' => 'C:\\WINDOWS'
    'TEMP' => 'C:\\Users\\Tatar\\AppData\\Local\\Temp'
    'TMP' => 'C:\\Users\\Tatar\\AppData\\Local\\Temp'
    'USERDOMAIN' => 'DESKTOP-29N3REI'
    'USERDOMAIN_ROAMINGPROFILE' => 'DESKTOP-29N3REI'
    'USERNAME' => 'Tatar'
    'USERPROFILE' => 'C:\\Users\\Tatar'
    'windir' => 'C:\\WINDOWS'
    'PHP_SELF' => 'yii'
    'SCRIPT_NAME' => 'yii'
    'SCRIPT_FILENAME' => 'yii'
    'PATH_TRANSLATED' => 'yii'
    'DOCUMENT_ROOT' => ''
    'REQUEST_TIME_FLOAT' => 1525618487.9813
    'REQUEST_TIME' => 1525618487
    'argv' => [
        0 => 'yii'
        1 => 'init'
    ]
    'argc' => 2
]
2018-06-10 13:44:31 [-][-][-][error][yii\console\UnknownCommandException] yii\base\InvalidRouteException: Unable to resolve the request: migrate/rbac in G:\xampp\htdocs\lottery\vendor\yiisoft\yii2\base\Controller.php:128
Stack trace:
#0 G:\xampp\htdocs\lottery\vendor\yiisoft\yii2\console\Controller.php(148): yii\base\Controller->runAction('rbac', Array)
#1 G:\xampp\htdocs\lottery\vendor\yiisoft\yii2\base\Module.php(528): yii\console\Controller->runAction('rbac', Array)
#2 G:\xampp\htdocs\lottery\vendor\yiisoft\yii2\console\Application.php(180): yii\base\Module->runAction('migrate/rbac', Array)
#3 G:\xampp\htdocs\lottery\vendor\yiisoft\yii2\console\Application.php(147): yii\console\Application->runAction('migrate/rbac', Array)
#4 G:\xampp\htdocs\lottery\vendor\yiisoft\yii2\base\Application.php(386): yii\console\Application->handleRequest(Object(yii\console\Request))
#5 G:\xampp\htdocs\lottery\yii(27): yii\base\Application->run()
#6 {main}

Next yii\console\UnknownCommandException: Unknown command "migrate/rbac". in G:\xampp\htdocs\lottery\vendor\yiisoft\yii2\console\Application.php:183
Stack trace:
#0 G:\xampp\htdocs\lottery\vendor\yiisoft\yii2\console\Application.php(147): yii\console\Application->runAction('migrate/rbac', Array)
#1 G:\xampp\htdocs\lottery\vendor\yiisoft\yii2\base\Application.php(386): yii\console\Application->handleRequest(Object(yii\console\Request))
#2 G:\xampp\htdocs\lottery\yii(27): yii\base\Application->run()
#3 {main}
2018-06-10 13:44:31 [-][-][-][info][application] $_GET = []

$_POST = []

$_FILES = []

$_COOKIE = []

$_SERVER = [
    'ALLUSERSPROFILE' => 'C:\\ProgramData'
    'APPDATA' => 'C:\\Users\\Tatar\\AppData\\Roaming'
    'asl_log' => 'Destination=file'
    'CommonProgramFiles' => 'C:\\Program Files (x86)\\Common Files'
    'CommonProgramFiles(x86)' => 'C:\\Program Files (x86)\\Common Files'
    'CommonProgramW6432' => 'C:\\Program Files\\Common Files'
    'COMPUTERNAME' => 'DESKTOP-29N3REI'
    'ComSpec' => 'C:\\WINDOWS\\system32\\cmd.exe'
    'FPS_BROWSER_APP_PROFILE_STRING' => 'Internet Explorer'
    'FPS_BROWSER_USER_PROFILE_STRING' => 'Default'
    'HOMEDRIVE' => 'C:'
    'HOMEPATH' => '\\Users\\Tatar'
    'IWBPath' => 'C:\\Program Files (x86)\\SAP\\FrontEnd\\iwb'
    'LOCALAPPDATA' => 'C:\\Users\\Tatar\\AppData\\Local'
    'LOGONSERVER' => '\\\\DESKTOP-29N3REI'
    'MSMPI_BIN' => 'C:\\Program Files\\Microsoft MPI\\Bin\\'
    'NUMBER_OF_PROCESSORS' => '8'
    'OneDrive' => 'C:\\Users\\Tatar\\OneDrive'
    'OS' => 'Windows_NT'
    'Path' => 'C:\\Program Files\\Microsoft MPI\\Bin\\;C:\\Program Files (x86)\\Intel\\iCLS Client\\;D:\\app\\Tatar\\product\\11.2.0\\client_1\\bin;C:\\Program Files\\Intel\\iCLS Client\\;C:\\WINDOWS\\system32;C:\\WINDOWS;C:\\WINDOWS\\System32\\Wbem;C:\\WINDOWS\\System32\\WindowsPowerShell\\v1.0\\;C:\\Program Files (x86)\\CrSSL\\bin;G:\\xampp\\php;C:\\ProgramData\\ComposerSetup\\bin;C:\\Program Files (x86)\\Intel\\Intel(R) Management Engine Components\\DAL;C:\\Program Files\\Intel\\Intel(R) Management Engine Components\\DAL;C:\\Program Files (x86)\\Intel\\Intel(R) Management Engine Components\\IPT;C:\\Program Files\\Intel\\Intel(R) Management Engine Components\\IPT;C:\\Program Files\\PuTTY\\;C:\\Program Files (x86)\\Microsoft SQL Server\\140\\Tools\\Binn\\;C:\\Program Files\\Microsoft SQL Server\\140\\Tools\\Binn\\;C:\\Program Files (x86)\\Microsoft SQL Server\\140\\DTS\\Binn\\;C:\\Program Files\\Microsoft SQL Server\\140\\DTS\\Binn\\;C:\\Program Files\\Microsoft SQL Server\\Client SDK\\ODBC\\130\\Tools\\Binn\\;C:\\Program Files\\Git\\cmd;C:\\Program Files (x86)\\Microsoft SQL Server\\Client SDK\\ODBC\\130\\Tools\\Binn\\;C:\\Program Files (x86)\\Microsoft SQL Server\\140\\Tools\\Binn\\ManagementStudio\\;C:\\Microsoft SQL Server Migration Assistant for MySQL\\bin\\;C:\\Users\\Tatar\\AppData\\Roaming\\Composer\\vendor\\bin;C:\\Users\\Tatar\\AppData\\Local\\Microsoft\\WindowsApps;;C:\\Program Files (x86)\\SSH Communications Security\\SSH Secure Shell'
    'PATHEXT' => '.COM;.EXE;.BAT;.CMD;.VBS;.VBE;.JS;.JSE;.WSF;.WSH;.MSC'
    'PROCESSOR_ARCHITECTURE' => 'x86'
    'PROCESSOR_ARCHITEW6432' => 'AMD64'
    'PROCESSOR_IDENTIFIER' => 'Intel64 Family 6 Model 142 Stepping 10, GenuineIntel'
    'PROCESSOR_LEVEL' => '6'
    'PROCESSOR_REVISION' => '8e0a'
    'ProgramData' => 'C:\\ProgramData'
    'ProgramFiles' => 'C:\\Program Files (x86)'
    'ProgramFiles(x86)' => 'C:\\Program Files (x86)'
    'ProgramW6432' => 'C:\\Program Files'
    'PROMPT' => '$P$G'
    'PSModulePath' => 'C:\\Program Files\\WindowsPowerShell\\Modules;C:\\WINDOWS\\system32\\WindowsPowerShell\\v1.0\\Modules;C:\\Program Files (x86)\\Microsoft SQL Server\\140\\Tools\\PowerShell\\Modules\\'
    'PUBLIC' => 'C:\\Users\\Public'
    'SESSIONNAME' => 'Console'
    'SNC_LIB' => 'C:\\Program Files (x86)\\SAP\\FrontEnd\\SapGui\\Encryption\\secgss.dll'
    'SystemDrive' => 'C:'
    'SystemRoot' => 'C:\\WINDOWS'
    'TEMP' => 'C:\\Users\\Tatar\\AppData\\Local\\Temp'
    'TMP' => 'C:\\Users\\Tatar\\AppData\\Local\\Temp'
    'USERDOMAIN' => 'DESKTOP-29N3REI'
    'USERDOMAIN_ROAMINGPROFILE' => 'DESKTOP-29N3REI'
    'USERNAME' => 'Tatar'
    'USERPROFILE' => 'C:\\Users\\Tatar'
    'windir' => 'C:\\WINDOWS'
    'PHP_SELF' => 'yii'
    'SCRIPT_NAME' => 'yii'
    'SCRIPT_FILENAME' => 'yii'
    'PATH_TRANSLATED' => 'yii'
    'DOCUMENT_ROOT' => ''
    'REQUEST_TIME_FLOAT' => 1528613071.901
    'REQUEST_TIME' => 1528613071
    'argv' => [
        0 => 'yii'
        1 => 'migrate/rbac'
    ]
    'argc' => 2
]
